<?xml version="1.0" encoding="UTF-8"?>
<!-- Generated by org.testng.reporters.JUnitReportReporter -->
<testsuite skipped="0" hostname="DESKTOP-C7SRO4S" name="com.w2a.AllTestCase.LoginPageTestCase" tests="1" failures="0" timestamp="2020-05-12T12:41:25 IST" time="1.610" errors="0">
  <testcase name="LoginPageTestCaseMethod" time="1.610" classname="com.w2a.AllTestCase.LoginPageTestCase"/>
</testsuite> <!-- com.w2a.AllTestCase.LoginPageTestCase -->
