<?xml version="1.0" encoding="UTF-8"?>
<!-- Generated by org.testng.reporters.JUnitReportReporter -->
<testsuite skipped="0" hostname="DESKTOP-C7SRO4S" name="com.w2a.AllTestCase.registraionPageTestCase" tests="1" failures="0" timestamp="2020-05-15T12:09:50 IST" time="0.000" errors="0">
  <testcase name="registarionPage" time="0.000" classname="com.w2a.AllTestCase.registraionPageTestCase"/>
</testsuite> <!-- com.w2a.AllTestCase.registraionPageTestCase -->
